-------------------------------------------------------------------------------
Test set: info.revenberg.song.test.VersTest
-------------------------------------------------------------------------------
Tests run: 2, Failures: 0, Errors: 2, Skipped: 0, Time elapsed: 4.963 s <<< FAILURE! - in info.revenberg.song.test.VersTest
uploadFileTest  Time elapsed: 3.958 s  <<< ERROR!
org.apache.http.conn.HttpHostConnectException: Connect to localhost:8090 [localhost/127.0.0.1, localhost/0:0:0:0:0:0:0:1] failed: Connection refused: connect
	at info.revenberg.song.test.VersTest.uploadFile(VersTest.java:162)
	at info.revenberg.song.test.VersTest.uploadFileTest(VersTest.java:121)
Caused by: java.net.ConnectException: Connection refused: connect
	at info.revenberg.song.test.VersTest.uploadFile(VersTest.java:162)
	at info.revenberg.song.test.VersTest.uploadFileTest(VersTest.java:121)

shouldCreateAndUpdateAndDelete  Time elapsed: 1.005 s  <<< ERROR!
java.net.ConnectException: Connection refused: connect
	at info.revenberg.song.test.VersTest.sendPost(VersTest.java:59)
	at info.revenberg.song.test.VersTest.shouldCreateAndUpdateAndDelete(VersTest.java:188)

